\BOOKMARK [1][]{section.1}{\376\377\0001\000\040\117\134\124\301\151\202\217\360}{}% 2
\BOOKMARK [2][]{subsection.1.1}{\376\377\0001\000.\0001\000\040\200\314\146\157\122\006\147\220}{section.1}% 3
\BOOKMARK [2][]{subsection.1.2}{\376\377\0001\000.\0002\000\040\166\370\121\163\135\345\117\134}{section.1}% 4
\BOOKMARK [2][]{subsection.1.3}{\376\377\0001\000.\0003\000\040\162\171\202\162\143\317\217\360}{section.1}% 5
\BOOKMARK [3][]{subsubsection.1.3.1}{\376\377\0001\000.\0003\000.\0001\000\040\122\006\136\003\137\017\216\253\116\375\000\050\000D\000I\000D\000\051\142\200\147\057}{subsection.1.3}% 6
\BOOKMARK [3][]{subsubsection.1.3.2}{\376\377\0001\000.\0003\000.\0002\000\040\000W\000e\000i\000d\000e\000n\000t\000i\000t\000y\123\072\127\127\224\376\136\163\123\360}{subsection.1.3}% 7
\BOOKMARK [2][]{subsection.1.4}{\376\377\0001\000.\0004\000\040\136\224\165\050\122\115\146\157\122\006\147\220}{section.1}% 8
\BOOKMARK [1][]{section.2}{\376\377\0002\000\040\117\134\124\301\213\276\213\241\116\016\133\236\163\260}{}% 9
\BOOKMARK [2][]{subsection.2.1}{\376\377\0002\000.\0001\000\040\174\373\176\337\145\271\150\110}{section.2}% 10
\BOOKMARK [3][]{subsubsection.2.1.1}{\376\377\0002\000.\0001\000.\0001\000\040\152\041\127\127\0001}{subsection.2.1}% 11
\BOOKMARK [3][]{subsubsection.2.1.2}{\376\377\0002\000.\0001\000.\0002\000\040\152\041\127\127\0002}{subsection.2.1}% 12
\BOOKMARK [3][]{subsubsection.2.1.3}{\376\377\0002\000.\0001\000.\0003\000\040\152\041\127\127\0003}{subsection.2.1}% 13
\BOOKMARK [3][]{subsubsection.2.1.4}{\376\377\0002\000.\0001\000.\0004\000\040\152\041\127\127\0004}{subsection.2.1}% 14
\BOOKMARK [2][]{subsection.2.2}{\376\377\0002\000.\0002\000\040\133\236\163\260\123\237\164\006}{section.2}% 15
\BOOKMARK [3][]{subsubsection.2.2.1}{\376\377\0002\000.\0002\000.\0001\000\040\123\072\127\127\224\376\142\200\147\057}{subsection.2.2}% 16
\BOOKMARK [3][]{subsubsection.2.2.2}{\376\377\0002\000.\0002\000.\0002\000\040\122\006\136\003\137\017\216\253\116\375\142\200\147\057}{subsection.2.2}% 17
\BOOKMARK [3][]{subsubsection.2.2.3}{\376\377\0002\000.\0002\000.\0003\000\040\122\240\133\306\173\227\154\325}{subsection.2.2}% 18
\BOOKMARK [3][]{subsubsection.2.2.4}{\376\377\0002\000.\0002\000.\0004\000\040\145\160\143\156\136\223}{subsection.2.2}% 19
\BOOKMARK [2][]{subsection.2.3}{\376\377\0002\000.\0003\000\040\217\157\116\366\155\101\172\013}{section.2}% 20
\BOOKMARK [2][]{subsection.2.4}{\376\377\0002\000.\0004\000\040\122\237\200\375}{section.2}% 21
\BOOKMARK [3][]{subsubsection.2.4.1}{\376\377\0002\000.\0004\000.\0001\000\040\176\277\116\012\225\356\213\312\147\015\122\241}{subsection.2.4}% 22
\BOOKMARK [3][]{subsubsection.2.4.2}{\376\377\0002\000.\0004\000.\0002\000\040\176\277\116\013\145\160\143\156\121\161\116\253}{subsection.2.4}% 23
\BOOKMARK [1][]{section.3}{\376\377\0003\000\040\117\134\124\301\155\113\213\325\116\016\122\006\147\220}{}% 24
\BOOKMARK [1][]{section.4}{\376\377\0004\000\040\122\033\145\260\140\047\213\364\146\016}{}% 25
\BOOKMARK [1][]{section.5}{\376\377\0005\000\040\140\073\176\323}{}% 26
\BOOKMARK [1][]{section*.2}{\376\377\123\302\200\003\145\207\163\056}{}% 27
